<?xml version="1.0" encoding="UTF-8"?>
<!-- Generated by org.testng.reporters.JUnitReportReporter -->
<testsuite hostname="DESKTOP-Q9F8P63" failures="0" tests="1" name="testCases.TC_002_LoginTest" time="2.265" errors="0" timestamp="2023-02-01T10:41:28 IST" skipped="0">
  <testcase classname="testCases.TC_002_LoginTest" name="test_Login" time="2.265"/>
  <system-out/>
</testsuite> <!-- testCases.TC_002_LoginTest -->
