<?xml version="1.0" encoding="UTF-8"?>
<!-- Generated by org.testng.reporters.JUnitReportReporter -->
<testsuite hostname="DESKTOP-Q9F8P63" failures="0" tests="1" name="testCases.TC_001_AccountRegistrationTest" time="3.818" errors="0" timestamp="2023-01-30T09:17:05 IST" skipped="0">
  <testcase classname="testCases.TC_001_AccountRegistrationTest" name="test_account_Registration" time="3.818"/>
  <system-out/>
</testsuite> <!-- testCases.TC_001_AccountRegistrationTest -->
